\BOOKMARK [0][-]{chapter.1}{\376\377\0001\000\040\000C\000l\000a\000s\000s\000\040\000I\000n\000d\000e\000x}{}% 1
\BOOKMARK [1][-]{section.1.1}{\376\377\0001\000.\0001\000\040\000C\000l\000a\000s\000s\000\040\000L\000i\000s\000t}{chapter.1}% 2
\BOOKMARK [0][-]{chapter.2}{\376\377\0002\000\040\000F\000i\000l\000e\000\040\000I\000n\000d\000e\000x}{}% 3
\BOOKMARK [1][-]{section.2.1}{\376\377\0002\000.\0001\000\040\000F\000i\000l\000e\000\040\000L\000i\000s\000t}{chapter.2}% 4
\BOOKMARK [0][-]{chapter.3}{\376\377\0003\000\040\000C\000l\000a\000s\000s\000\040\000D\000o\000c\000u\000m\000e\000n\000t\000a\000t\000i\000o\000n}{}% 5
\BOOKMARK [1][-]{section.3.1}{\376\377\0003\000.\0001\000\040\000B\000S\000T\000r\000e\000e\000\040\000C\000l\000a\000s\000s\000\040\000R\000e\000f\000e\000r\000e\000n\000c\000e}{chapter.3}% 6
\BOOKMARK [2][-]{subsection.3.1.1}{\376\377\0003\000.\0001\000.\0001\000\040\000D\000e\000t\000a\000i\000l\000e\000d\000\040\000D\000e\000s\000c\000r\000i\000p\000t\000i\000o\000n}{section.3.1}% 7
\BOOKMARK [2][-]{subsection.3.1.2}{\376\377\0003\000.\0001\000.\0002\000\040\000C\000o\000n\000s\000t\000r\000u\000c\000t\000o\000r\000\040\000\046\000\040\000D\000e\000s\000t\000r\000u\000c\000t\000o\000r\000\040\000D\000o\000c\000u\000m\000e\000n\000t\000a\000t\000i\000o\000n}{section.3.1}% 8
\BOOKMARK [3][-]{subsubsection.3.1.2.1}{\376\377\0003\000.\0001\000.\0002\000.\0001\000\040\000B\000S\000T\000r\000e\000e\000\050\000\051\000\040\000[\0001\000/\0002\000]}{subsection.3.1.2}% 9
\BOOKMARK [3][-]{subsubsection.3.1.2.2}{\376\377\0003\000.\0001\000.\0002\000.\0002\000\040\000B\000S\000T\000r\000e\000e\000\050\000\051\000\040\000[\0002\000/\0002\000]}{subsection.3.1.2}% 10
\BOOKMARK [3][-]{subsubsection.3.1.2.3}{\376\377\0003\000.\0001\000.\0002\000.\0003\000\040\000\040\000B\000S\000T\000r\000e\000e\000\050\000\051}{subsection.3.1.2}% 11
\BOOKMARK [2][-]{subsection.3.1.3}{\376\377\0003\000.\0001\000.\0003\000\040\000M\000e\000m\000b\000e\000r\000\040\000F\000u\000n\000c\000t\000i\000o\000n\000\040\000D\000o\000c\000u\000m\000e\000n\000t\000a\000t\000i\000o\000n}{section.3.1}% 12
\BOOKMARK [3][-]{subsubsection.3.1.3.1}{\376\377\0003\000.\0001\000.\0003\000.\0001\000\040\000G\000e\000t\000R\000o\000o\000t\000\050\000\051}{subsection.3.1.3}% 13
\BOOKMARK [3][-]{subsubsection.3.1.3.2}{\376\377\0003\000.\0001\000.\0003\000.\0002\000\040\000I\000n\000s\000e\000r\000t\000\050\000\051}{subsection.3.1.3}% 14
\BOOKMARK [3][-]{subsubsection.3.1.3.3}{\376\377\0003\000.\0001\000.\0003\000.\0003\000\040\000S\000e\000a\000r\000c\000h\000\050\000\051}{subsection.3.1.3}% 15
\BOOKMARK [3][-]{subsubsection.3.1.3.4}{\376\377\0003\000.\0001\000.\0003\000.\0004\000\040\000S\000e\000t\000R\000o\000o\000t\000\050\000\051}{subsection.3.1.3}% 16
\BOOKMARK [1][-]{section.3.2}{\376\377\0003\000.\0002\000\040\000F\000l\000i\000g\000h\000t\000\040\000C\000l\000a\000s\000s\000\040\000R\000e\000f\000e\000r\000e\000n\000c\000e}{chapter.3}% 17
\BOOKMARK [2][-]{subsection.3.2.1}{\376\377\0003\000.\0002\000.\0001\000\040\000D\000e\000t\000a\000i\000l\000e\000d\000\040\000D\000e\000s\000c\000r\000i\000p\000t\000i\000o\000n}{section.3.2}% 18
\BOOKMARK [2][-]{subsection.3.2.2}{\376\377\0003\000.\0002\000.\0002\000\040\000C\000o\000n\000s\000t\000r\000u\000c\000t\000o\000r\000\040\000\046\000\040\000D\000e\000s\000t\000r\000u\000c\000t\000o\000r\000\040\000D\000o\000c\000u\000m\000e\000n\000t\000a\000t\000i\000o\000n}{section.3.2}% 19
\BOOKMARK [3][-]{subsubsection.3.2.2.1}{\376\377\0003\000.\0002\000.\0002\000.\0001\000\040\000F\000l\000i\000g\000h\000t\000\050\000\051\000\040\000[\0001\000/\0002\000]}{subsection.3.2.2}% 20
\BOOKMARK [3][-]{subsubsection.3.2.2.2}{\376\377\0003\000.\0002\000.\0002\000.\0002\000\040\000F\000l\000i\000g\000h\000t\000\050\000\051\000\040\000[\0002\000/\0002\000]}{subsection.3.2.2}% 21
\BOOKMARK [3][-]{subsubsection.3.2.2.3}{\376\377\0003\000.\0002\000.\0002\000.\0003\000\040\000\040\000F\000l\000i\000g\000h\000t\000\050\000\051}{subsection.3.2.2}% 22
\BOOKMARK [2][-]{subsection.3.2.3}{\376\377\0003\000.\0002\000.\0003\000\040\000M\000e\000m\000b\000e\000r\000\040\000F\000u\000n\000c\000t\000i\000o\000n\000\040\000D\000o\000c\000u\000m\000e\000n\000t\000a\000t\000i\000o\000n}{section.3.2}% 23
\BOOKMARK [3][-]{subsubsection.3.2.3.1}{\376\377\0003\000.\0002\000.\0003\000.\0001\000\040\000G\000e\000t\000\137\000a\000i\000r\000l\000i\000n\000e\000\050\000\051}{subsection.3.2.3}% 24
\BOOKMARK [3][-]{subsubsection.3.2.3.2}{\376\377\0003\000.\0002\000.\0003\000.\0002\000\040\000G\000e\000t\000\137\000a\000r\000r\000i\000v\000a\000l\000\137\000d\000a\000t\000e\000\050\000\051}{subsection.3.2.3}% 25
\BOOKMARK [3][-]{subsubsection.3.2.3.3}{\376\377\0003\000.\0002\000.\0003\000.\0003\000\040\000G\000e\000t\000\137\000a\000r\000r\000i\000v\000a\000l\000\137\000t\000i\000m\000e\000\050\000\051}{subsection.3.2.3}% 26
\BOOKMARK [3][-]{subsubsection.3.2.3.4}{\376\377\0003\000.\0002\000.\0003\000.\0004\000\040\000G\000e\000t\000\137\000f\000l\000i\000g\000h\000t\000\137\000n\000u\000m\000b\000e\000r\000\050\000\051}{subsection.3.2.3}% 27
\BOOKMARK [3][-]{subsubsection.3.2.3.5}{\376\377\0003\000.\0002\000.\0003\000.\0005\000\040\000G\000e\000t\000\137\000p\000a\000s\000s\000e\000n\000g\000e\000r\000s\000\050\000\051}{subsection.3.2.3}% 28
\BOOKMARK [3][-]{subsubsection.3.2.3.6}{\376\377\0003\000.\0002\000.\0003\000.\0006\000\040\000o\000p\000e\000r\000a\000t\000o\000r\000<\000\050\000\051}{subsection.3.2.3}% 29
\BOOKMARK [3][-]{subsubsection.3.2.3.7}{\376\377\0003\000.\0002\000.\0003\000.\0007\000\040\000o\000p\000e\000r\000a\000t\000o\000r\000<\000=\000\050\000\051}{subsection.3.2.3}% 30
\BOOKMARK [3][-]{subsubsection.3.2.3.8}{\376\377\0003\000.\0002\000.\0003\000.\0008\000\040\000o\000p\000e\000r\000a\000t\000o\000r\000=\000\050\000\051}{subsection.3.2.3}% 31
\BOOKMARK [3][-]{subsubsection.3.2.3.9}{\376\377\0003\000.\0002\000.\0003\000.\0009\000\040\000o\000p\000e\000r\000a\000t\000o\000r\000=\000=\000\050\000\051}{subsection.3.2.3}% 32
\BOOKMARK [3][-]{subsubsection.3.2.3.10}{\376\377\0003\000.\0002\000.\0003\000.\0001\0000\000\040\000o\000p\000e\000r\000a\000t\000o\000r\000>\000\050\000\051}{subsection.3.2.3}% 33
\BOOKMARK [3][-]{subsubsection.3.2.3.11}{\376\377\0003\000.\0002\000.\0003\000.\0001\0001\000\040\000o\000p\000e\000r\000a\000t\000o\000r\000>\000=\000\050\000\051}{subsection.3.2.3}% 34
\BOOKMARK [3][-]{subsubsection.3.2.3.12}{\376\377\0003\000.\0002\000.\0003\000.\0001\0002\000\040\000S\000e\000t\000\137\000a\000i\000r\000l\000i\000n\000e\000\050\000\051}{subsection.3.2.3}% 35
\BOOKMARK [3][-]{subsubsection.3.2.3.13}{\376\377\0003\000.\0002\000.\0003\000.\0001\0003\000\040\000S\000e\000t\000\137\000a\000r\000r\000i\000v\000a\000l\000\137\000d\000a\000t\000e\000\050\000\051}{subsection.3.2.3}% 36
\BOOKMARK [3][-]{subsubsection.3.2.3.14}{\376\377\0003\000.\0002\000.\0003\000.\0001\0004\000\040\000S\000e\000t\000\137\000a\000r\000r\000i\000v\000a\000l\000\137\000t\000i\000m\000e\000\050\000\051}{subsection.3.2.3}% 37
\BOOKMARK [3][-]{subsubsection.3.2.3.15}{\376\377\0003\000.\0002\000.\0003\000.\0001\0005\000\040\000S\000e\000t\000\137\000f\000l\000i\000g\000h\000t\000\137\000n\000u\000m\000b\000e\000r\000\050\000\051}{subsection.3.2.3}% 38
\BOOKMARK [3][-]{subsubsection.3.2.3.16}{\376\377\0003\000.\0002\000.\0003\000.\0001\0006\000\040\000S\000e\000t\000\137\000p\000a\000s\000s\000e\000n\000g\000e\000r\000s\000\050\000\051}{subsection.3.2.3}% 39
\BOOKMARK [2][-]{subsection.3.2.4}{\376\377\0003\000.\0002\000.\0004\000\040\000F\000r\000i\000e\000n\000d\000s\000\040\000A\000n\000d\000\040\000R\000e\000l\000a\000t\000e\000d\000\040\000F\000u\000n\000c\000t\000i\000o\000n\000\040\000D\000o\000c\000u\000m\000e\000n\000t\000a\000t\000i\000o\000n}{section.3.2}% 40
\BOOKMARK [3][-]{subsubsection.3.2.4.1}{\376\377\0003\000.\0002\000.\0004\000.\0001\000\040\000o\000p\000e\000r\000a\000t\000o\000r\000<\000<}{subsection.3.2.4}% 41
\BOOKMARK [1][-]{section.3.3}{\376\377\0003\000.\0003\000\040\000H\000a\000s\000h\000T\000a\000b\000l\000e\000\040\000C\000l\000a\000s\000s\000\040\000R\000e\000f\000e\000r\000e\000n\000c\000e}{chapter.3}% 42
\BOOKMARK [2][-]{subsection.3.3.1}{\376\377\0003\000.\0003\000.\0001\000\040\000D\000e\000t\000a\000i\000l\000e\000d\000\040\000D\000e\000s\000c\000r\000i\000p\000t\000i\000o\000n}{section.3.3}% 43
\BOOKMARK [2][-]{subsection.3.3.2}{\376\377\0003\000.\0003\000.\0002\000\040\000C\000o\000n\000s\000t\000r\000u\000c\000t\000o\000r\000\040\000\046\000\040\000D\000e\000s\000t\000r\000u\000c\000t\000o\000r\000\040\000D\000o\000c\000u\000m\000e\000n\000t\000a\000t\000i\000o\000n}{section.3.3}% 44
\BOOKMARK [3][-]{subsubsection.3.3.2.1}{\376\377\0003\000.\0003\000.\0002\000.\0001\000\040\000H\000a\000s\000h\000T\000a\000b\000l\000e\000\050\000\051\000\040\000[\0001\000/\0002\000]}{subsection.3.3.2}% 45
\BOOKMARK [3][-]{subsubsection.3.3.2.2}{\376\377\0003\000.\0003\000.\0002\000.\0002\000\040\000H\000a\000s\000h\000T\000a\000b\000l\000e\000\050\000\051\000\040\000[\0002\000/\0002\000]}{subsection.3.3.2}% 46
\BOOKMARK [3][-]{subsubsection.3.3.2.3}{\376\377\0003\000.\0003\000.\0002\000.\0003\000\040\000\040\000H\000a\000s\000h\000T\000a\000b\000l\000e\000\050\000\051}{subsection.3.3.2}% 47
\BOOKMARK [2][-]{subsection.3.3.3}{\376\377\0003\000.\0003\000.\0003\000\040\000M\000e\000m\000b\000e\000r\000\040\000F\000u\000n\000c\000t\000i\000o\000n\000\040\000D\000o\000c\000u\000m\000e\000n\000t\000a\000t\000i\000o\000n}{section.3.3}% 48
\BOOKMARK [3][-]{subsubsection.3.3.3.1}{\376\377\0003\000.\0003\000.\0003\000.\0001\000\040\000g\000e\000t\000\137\000c\000o\000l\000l\000i\000s\000i\000o\000n\000\137\000c\000o\000u\000n\000t\000\050\000\051}{subsection.3.3.3}% 49
\BOOKMARK [3][-]{subsubsection.3.3.3.2}{\376\377\0003\000.\0003\000.\0003\000.\0002\000\040\000i\000n\000s\000e\000r\000t\000\050\000\051}{subsection.3.3.3}% 50
\BOOKMARK [3][-]{subsubsection.3.3.3.3}{\376\377\0003\000.\0003\000.\0003\000.\0003\000\040\000s\000e\000a\000r\000c\000h\000\050\000\051}{subsection.3.3.3}% 51
\BOOKMARK [1][-]{section.3.4}{\376\377\0003\000.\0004\000\040\000R\000B\000T\000r\000e\000e\000\040\000C\000l\000a\000s\000s\000\040\000R\000e\000f\000e\000r\000e\000n\000c\000e}{chapter.3}% 52
\BOOKMARK [2][-]{subsection.3.4.1}{\376\377\0003\000.\0004\000.\0001\000\040\000D\000e\000t\000a\000i\000l\000e\000d\000\040\000D\000e\000s\000c\000r\000i\000p\000t\000i\000o\000n}{section.3.4}% 53
\BOOKMARK [2][-]{subsection.3.4.2}{\376\377\0003\000.\0004\000.\0002\000\040\000C\000o\000n\000s\000t\000r\000u\000c\000t\000o\000r\000\040\000\046\000\040\000D\000e\000s\000t\000r\000u\000c\000t\000o\000r\000\040\000D\000o\000c\000u\000m\000e\000n\000t\000a\000t\000i\000o\000n}{section.3.4}% 54
\BOOKMARK [3][-]{subsubsection.3.4.2.1}{\376\377\0003\000.\0004\000.\0002\000.\0001\000\040\000R\000B\000T\000r\000e\000e\000\050\000\051\000\040\000[\0001\000/\0002\000]}{subsection.3.4.2}% 55
\BOOKMARK [3][-]{subsubsection.3.4.2.2}{\376\377\0003\000.\0004\000.\0002\000.\0002\000\040\000R\000B\000T\000r\000e\000e\000\050\000\051\000\040\000[\0002\000/\0002\000]}{subsection.3.4.2}% 56
\BOOKMARK [3][-]{subsubsection.3.4.2.3}{\376\377\0003\000.\0004\000.\0002\000.\0003\000\040\000\040\000R\000B\000T\000r\000e\000e\000\050\000\051}{subsection.3.4.2}% 57
\BOOKMARK [2][-]{subsection.3.4.3}{\376\377\0003\000.\0004\000.\0003\000\040\000M\000e\000m\000b\000e\000r\000\040\000F\000u\000n\000c\000t\000i\000o\000n\000\040\000D\000o\000c\000u\000m\000e\000n\000t\000a\000t\000i\000o\000n}{section.3.4}% 58
\BOOKMARK [3][-]{subsubsection.3.4.3.1}{\376\377\0003\000.\0004\000.\0003\000.\0001\000\040\000G\000e\000t\000R\000o\000o\000t\000\050\000\051}{subsection.3.4.3}% 59
\BOOKMARK [3][-]{subsubsection.3.4.3.2}{\376\377\0003\000.\0004\000.\0003\000.\0002\000\040\000I\000n\000s\000e\000r\000t\000\050\000\051}{subsection.3.4.3}% 60
\BOOKMARK [3][-]{subsubsection.3.4.3.3}{\376\377\0003\000.\0004\000.\0003\000.\0003\000\040\000S\000e\000a\000r\000c\000h\000\050\000\051}{subsection.3.4.3}% 61
\BOOKMARK [3][-]{subsubsection.3.4.3.4}{\376\377\0003\000.\0004\000.\0003\000.\0004\000\040\000S\000e\000t\000R\000o\000o\000t\000\050\000\051}{subsection.3.4.3}% 62
\BOOKMARK [1][-]{section.3.5}{\376\377\0003\000.\0005\000\040\000R\000B\000T\000r\000e\000e\000N\000o\000d\000e\000\040\000S\000t\000r\000u\000c\000t\000\040\000R\000e\000f\000e\000r\000e\000n\000c\000e}{chapter.3}% 63
\BOOKMARK [2][-]{subsection.3.5.1}{\376\377\0003\000.\0005\000.\0001\000\040\000D\000e\000t\000a\000i\000l\000e\000d\000\040\000D\000e\000s\000c\000r\000i\000p\000t\000i\000o\000n}{section.3.5}% 64
\BOOKMARK [2][-]{subsection.3.5.2}{\376\377\0003\000.\0005\000.\0002\000\040\000C\000o\000n\000s\000t\000r\000u\000c\000t\000o\000r\000\040\000\046\000\040\000D\000e\000s\000t\000r\000u\000c\000t\000o\000r\000\040\000D\000o\000c\000u\000m\000e\000n\000t\000a\000t\000i\000o\000n}{section.3.5}% 65
\BOOKMARK [3][-]{subsubsection.3.5.2.1}{\376\377\0003\000.\0005\000.\0002\000.\0001\000\040\000R\000B\000T\000r\000e\000e\000N\000o\000d\000e\000\050\000\051}{subsection.3.5.2}% 66
\BOOKMARK [2][-]{subsection.3.5.3}{\376\377\0003\000.\0005\000.\0003\000\040\000M\000e\000m\000b\000e\000r\000\040\000D\000a\000t\000a\000\040\000D\000o\000c\000u\000m\000e\000n\000t\000a\000t\000i\000o\000n}{section.3.5}% 67
\BOOKMARK [3][-]{subsubsection.3.5.3.1}{\376\377\0003\000.\0005\000.\0003\000.\0001\000\040\000c\000o\000l\000o\000r}{subsection.3.5.3}% 68
\BOOKMARK [3][-]{subsubsection.3.5.3.2}{\376\377\0003\000.\0005\000.\0003\000.\0002\000\040\000f\000l\000i\000g\000h\000t\000s}{subsection.3.5.3}% 69
\BOOKMARK [3][-]{subsubsection.3.5.3.3}{\376\377\0003\000.\0005\000.\0003\000.\0003\000\040\000k\000e\000y}{subsection.3.5.3}% 70
\BOOKMARK [3][-]{subsubsection.3.5.3.4}{\376\377\0003\000.\0005\000.\0003\000.\0004\000\040\000l\000e\000f\000t}{subsection.3.5.3}% 71
\BOOKMARK [3][-]{subsubsection.3.5.3.5}{\376\377\0003\000.\0005\000.\0003\000.\0005\000\040\000p\000a\000r\000e\000n\000t}{subsection.3.5.3}% 72
\BOOKMARK [3][-]{subsubsection.3.5.3.6}{\376\377\0003\000.\0005\000.\0003\000.\0006\000\040\000r\000i\000g\000h\000t}{subsection.3.5.3}% 73
\BOOKMARK [1][-]{section.3.6}{\376\377\0003\000.\0006\000\040\000T\000r\000e\000e\000N\000o\000d\000e\000\040\000S\000t\000r\000u\000c\000t\000\040\000R\000e\000f\000e\000r\000e\000n\000c\000e}{chapter.3}% 74
\BOOKMARK [2][-]{subsection.3.6.1}{\376\377\0003\000.\0006\000.\0001\000\040\000D\000e\000t\000a\000i\000l\000e\000d\000\040\000D\000e\000s\000c\000r\000i\000p\000t\000i\000o\000n}{section.3.6}% 75
\BOOKMARK [2][-]{subsection.3.6.2}{\376\377\0003\000.\0006\000.\0002\000\040\000C\000o\000n\000s\000t\000r\000u\000c\000t\000o\000r\000\040\000\046\000\040\000D\000e\000s\000t\000r\000u\000c\000t\000o\000r\000\040\000D\000o\000c\000u\000m\000e\000n\000t\000a\000t\000i\000o\000n}{section.3.6}% 76
\BOOKMARK [3][-]{subsubsection.3.6.2.1}{\376\377\0003\000.\0006\000.\0002\000.\0001\000\040\000T\000r\000e\000e\000N\000o\000d\000e\000\050\000\051}{subsection.3.6.2}% 77
\BOOKMARK [2][-]{subsection.3.6.3}{\376\377\0003\000.\0006\000.\0003\000\040\000M\000e\000m\000b\000e\000r\000\040\000D\000a\000t\000a\000\040\000D\000o\000c\000u\000m\000e\000n\000t\000a\000t\000i\000o\000n}{section.3.6}% 78
\BOOKMARK [3][-]{subsubsection.3.6.3.1}{\376\377\0003\000.\0006\000.\0003\000.\0001\000\040\000k\000e\000y}{subsection.3.6.3}% 79
\BOOKMARK [3][-]{subsubsection.3.6.3.2}{\376\377\0003\000.\0006\000.\0003\000.\0002\000\040\000l\000e\000f\000t}{subsection.3.6.3}% 80
\BOOKMARK [3][-]{subsubsection.3.6.3.3}{\376\377\0003\000.\0006\000.\0003\000.\0003\000\040\000r\000i\000g\000h\000t}{subsection.3.6.3}% 81
\BOOKMARK [0][-]{chapter.4}{\376\377\0004\000\040\000F\000i\000l\000e\000\040\000D\000o\000c\000u\000m\000e\000n\000t\000a\000t\000i\000o\000n}{}% 82
\BOOKMARK [1][-]{section.4.1}{\376\377\0004\000.\0001\000\040\000/\000U\000s\000e\000r\000s\000/\000a\000n\000a\000s\000t\000a\000s\000i\000a\000t\000r\000u\000f\000a\000n\000o\000v\000a\000/\000D\000e\000s\000k\000t\000o\000p\000/\000l\000a\000b\0002\000\137\000d\000a\000t\000a\000\137\000s\000e\000a\000r\000c\000h\000\137\000a\000l\000g\000o\000r\000i\000t\000h\000m\000s\000/\000s\000r\000c\000/\000b\000s\000t\000r\000e\000e\000.\000c\000p\000p\000\040\000F\000i\000l\000e\000\040\000R\000e\000f\000e\000r\000e\000n\000c\000e}{chapter.4}% 83
\BOOKMARK [1][-]{section.4.2}{\376\377\0004\000.\0002\000\040\000b\000s\000t\000r\000e\000e\000.\000c\000p\000p}{chapter.4}% 84
\BOOKMARK [1][-]{section.4.3}{\376\377\0004\000.\0003\000\040\000/\000U\000s\000e\000r\000s\000/\000a\000n\000a\000s\000t\000a\000s\000i\000a\000t\000r\000u\000f\000a\000n\000o\000v\000a\000/\000D\000e\000s\000k\000t\000o\000p\000/\000l\000a\000b\0002\000\137\000d\000a\000t\000a\000\137\000s\000e\000a\000r\000c\000h\000\137\000a\000l\000g\000o\000r\000i\000t\000h\000m\000s\000/\000s\000r\000c\000/\000b\000s\000t\000r\000e\000e\000.\000h\000\040\000F\000i\000l\000e\000\040\000R\000e\000f\000e\000r\000e\000n\000c\000e}{chapter.4}% 85
\BOOKMARK [1][-]{section.4.4}{\376\377\0004\000.\0004\000\040\000b\000s\000t\000r\000e\000e\000.\000h}{chapter.4}% 86
\BOOKMARK [1][-]{section.4.5}{\376\377\0004\000.\0005\000\040\000/\000U\000s\000e\000r\000s\000/\000a\000n\000a\000s\000t\000a\000s\000i\000a\000t\000r\000u\000f\000a\000n\000o\000v\000a\000/\000D\000e\000s\000k\000t\000o\000p\000/\000l\000a\000b\0002\000\137\000d\000a\000t\000a\000\137\000s\000e\000a\000r\000c\000h\000\137\000a\000l\000g\000o\000r\000i\000t\000h\000m\000s\000/\000s\000r\000c\000/\000f\000l\000i\000g\000h\000t\000.\000c\000p\000p\000\040\000F\000i\000l\000e\000\040\000R\000e\000f\000e\000r\000e\000n\000c\000e}{chapter.4}% 87
\BOOKMARK [2][-]{subsection.4.5.1}{\376\377\0004\000.\0005\000.\0001\000\040\000F\000u\000n\000c\000t\000i\000o\000n\000\040\000D\000o\000c\000u\000m\000e\000n\000t\000a\000t\000i\000o\000n}{section.4.5}% 88
\BOOKMARK [3][-]{subsubsection.4.5.1.1}{\376\377\0004\000.\0005\000.\0001\000.\0001\000\040\000o\000p\000e\000r\000a\000t\000o\000r\000<\000<\000\050\000\051}{subsection.4.5.1}% 89
\BOOKMARK [1][-]{section.4.6}{\376\377\0004\000.\0006\000\040\000f\000l\000i\000g\000h\000t\000.\000c\000p\000p}{chapter.4}% 90
\BOOKMARK [1][-]{section.4.7}{\376\377\0004\000.\0007\000\040\000/\000U\000s\000e\000r\000s\000/\000a\000n\000a\000s\000t\000a\000s\000i\000a\000t\000r\000u\000f\000a\000n\000o\000v\000a\000/\000D\000e\000s\000k\000t\000o\000p\000/\000l\000a\000b\0002\000\137\000d\000a\000t\000a\000\137\000s\000e\000a\000r\000c\000h\000\137\000a\000l\000g\000o\000r\000i\000t\000h\000m\000s\000/\000s\000r\000c\000/\000f\000l\000i\000g\000h\000t\000.\000h\000\040\000F\000i\000l\000e\000\040\000R\000e\000f\000e\000r\000e\000n\000c\000e}{chapter.4}% 91
\BOOKMARK [1][-]{section.4.8}{\376\377\0004\000.\0008\000\040\000f\000l\000i\000g\000h\000t\000.\000h}{chapter.4}% 92
\BOOKMARK [1][-]{section.4.9}{\376\377\0004\000.\0009\000\040\000/\000U\000s\000e\000r\000s\000/\000a\000n\000a\000s\000t\000a\000s\000i\000a\000t\000r\000u\000f\000a\000n\000o\000v\000a\000/\000D\000e\000s\000k\000t\000o\000p\000/\000l\000a\000b\0002\000\137\000d\000a\000t\000a\000\137\000s\000e\000a\000r\000c\000h\000\137\000a\000l\000g\000o\000r\000i\000t\000h\000m\000s\000/\000s\000r\000c\000/\000h\000a\000s\000h\000\137\000t\000a\000b\000l\000e\000.\000c\000p\000p\000\040\000F\000i\000l\000e\000\040\000R\000e\000f\000e\000r\000e\000n\000c\000e}{chapter.4}% 93
\BOOKMARK [1][-]{section.4.10}{\376\377\0004\000.\0001\0000\000\040\000h\000a\000s\000h\000\137\000t\000a\000b\000l\000e\000.\000c\000p\000p}{chapter.4}% 94
\BOOKMARK [1][-]{section.4.11}{\376\377\0004\000.\0001\0001\000\040\000/\000U\000s\000e\000r\000s\000/\000a\000n\000a\000s\000t\000a\000s\000i\000a\000t\000r\000u\000f\000a\000n\000o\000v\000a\000/\000D\000e\000s\000k\000t\000o\000p\000/\000l\000a\000b\0002\000\137\000d\000a\000t\000a\000\137\000s\000e\000a\000r\000c\000h\000\137\000a\000l\000g\000o\000r\000i\000t\000h\000m\000s\000/\000s\000r\000c\000/\000h\000a\000s\000h\000\137\000t\000a\000b\000l\000e\000.\000h\000\040\000F\000i\000l\000e\000\040\000R\000e\000f\000e\000r\000e\000n\000c\000e}{chapter.4}% 95
\BOOKMARK [1][-]{section.4.12}{\376\377\0004\000.\0001\0002\000\040\000h\000a\000s\000h\000\137\000t\000a\000b\000l\000e\000.\000h}{chapter.4}% 96
\BOOKMARK [1][-]{section.4.13}{\376\377\0004\000.\0001\0003\000\040\000/\000U\000s\000e\000r\000s\000/\000a\000n\000a\000s\000t\000a\000s\000i\000a\000t\000r\000u\000f\000a\000n\000o\000v\000a\000/\000D\000e\000s\000k\000t\000o\000p\000/\000l\000a\000b\0002\000\137\000d\000a\000t\000a\000\137\000s\000e\000a\000r\000c\000h\000\137\000a\000l\000g\000o\000r\000i\000t\000h\000m\000s\000/\000s\000r\000c\000/\000r\000b\000t\000r\000e\000e\000.\000c\000p\000p\000\040\000F\000i\000l\000e\000\040\000R\000e\000f\000e\000r\000e\000n\000c\000e}{chapter.4}% 97
\BOOKMARK [1][-]{section.4.14}{\376\377\0004\000.\0001\0004\000\040\000r\000b\000t\000r\000e\000e\000.\000c\000p\000p}{chapter.4}% 98
\BOOKMARK [1][-]{section.4.15}{\376\377\0004\000.\0001\0005\000\040\000/\000U\000s\000e\000r\000s\000/\000a\000n\000a\000s\000t\000a\000s\000i\000a\000t\000r\000u\000f\000a\000n\000o\000v\000a\000/\000D\000e\000s\000k\000t\000o\000p\000/\000l\000a\000b\0002\000\137\000d\000a\000t\000a\000\137\000s\000e\000a\000r\000c\000h\000\137\000a\000l\000g\000o\000r\000i\000t\000h\000m\000s\000/\000s\000r\000c\000/\000r\000b\000t\000r\000e\000e\000.\000h\000\040\000F\000i\000l\000e\000\040\000R\000e\000f\000e\000r\000e\000n\000c\000e}{chapter.4}% 99
\BOOKMARK [2][-]{subsection.4.15.1}{\376\377\0004\000.\0001\0005\000.\0001\000\040\000M\000a\000c\000r\000o\000\040\000D\000e\000f\000i\000n\000i\000t\000i\000o\000n\000\040\000D\000o\000c\000u\000m\000e\000n\000t\000a\000t\000i\000o\000n}{section.4.15}% 100
\BOOKMARK [3][-]{subsubsection.4.15.1.1}{\376\377\0004\000.\0001\0005\000.\0001\000.\0001\000\040\000B\000L\000A\000C\000K}{subsection.4.15.1}% 101
\BOOKMARK [3][-]{subsubsection.4.15.1.2}{\376\377\0004\000.\0001\0005\000.\0001\000.\0002\000\040\000R\000E\000D}{subsection.4.15.1}% 102
\BOOKMARK [1][-]{section.4.16}{\376\377\0004\000.\0001\0006\000\040\000r\000b\000t\000r\000e\000e\000.\000h}{chapter.4}% 103
\BOOKMARK [1][-]{section.4.17}{\376\377\0004\000.\0001\0007\000\040\000/\000U\000s\000e\000r\000s\000/\000a\000n\000a\000s\000t\000a\000s\000i\000a\000t\000r\000u\000f\000a\000n\000o\000v\000a\000/\000D\000e\000s\000k\000t\000o\000p\000/\000l\000a\000b\0002\000\137\000d\000a\000t\000a\000\137\000s\000e\000a\000r\000c\000h\000\137\000a\000l\000g\000o\000r\000i\000t\000h\000m\000s\000/\000s\000r\000c\000/\000s\000e\000a\000r\000c\000h\000.\000c\000p\000p\000\040\000F\000i\000l\000e\000\040\000R\000e\000f\000e\000r\000e\000n\000c\000e}{chapter.4}% 104
\BOOKMARK [2][-]{subsection.4.17.1}{\376\377\0004\000.\0001\0007\000.\0001\000\040\000F\000u\000n\000c\000t\000i\000o\000n\000\040\000D\000o\000c\000u\000m\000e\000n\000t\000a\000t\000i\000o\000n}{section.4.17}% 105
\BOOKMARK [3][-]{subsubsection.4.17.1.1}{\376\377\0004\000.\0001\0007\000.\0001\000.\0001\000\040\000b\000i\000n\000a\000r\000y\000\137\000i\000n\000s\000e\000r\000t\000\050\000\051}{subsection.4.17.1}% 106
\BOOKMARK [3][-]{subsubsection.4.17.1.2}{\376\377\0004\000.\0001\0007\000.\0001\000.\0002\000\040\000h\000a\000s\000h\000\137\000t\000a\000b\000l\000e\000\137\000i\000n\000s\000e\000r\000t\000\050\000\051}{subsection.4.17.1}% 107
\BOOKMARK [3][-]{subsubsection.4.17.1.3}{\376\377\0004\000.\0001\0007\000.\0001\000.\0003\000\040\000l\000i\000n\000e\000a\000r\000\137\000s\000e\000a\000r\000c\000h\000\050\000\051}{subsection.4.17.1}% 108
\BOOKMARK [3][-]{subsubsection.4.17.1.4}{\376\377\0004\000.\0001\0007\000.\0001\000.\0004\000\040\000m\000a\000i\000n\000\050\000\051}{subsection.4.17.1}% 109
\BOOKMARK [3][-]{subsubsection.4.17.1.5}{\376\377\0004\000.\0001\0007\000.\0001\000.\0005\000\040\000m\000u\000l\000t\000i\000m\000a\000p\000\137\000i\000n\000s\000e\000r\000t\000\050\000\051}{subsection.4.17.1}% 110
\BOOKMARK [3][-]{subsubsection.4.17.1.6}{\376\377\0004\000.\0001\0007\000.\0001\000.\0006\000\040\000p\000a\000r\000s\000e\000C\000S\000V\000\050\000\051}{subsection.4.17.1}% 111
\BOOKMARK [3][-]{subsubsection.4.17.1.7}{\376\377\0004\000.\0001\0007\000.\0001\000.\0007\000\040\000r\000b\000\137\000i\000n\000s\000e\000r\000t\000\050\000\051}{subsection.4.17.1}% 112
\BOOKMARK [1][-]{section.4.18}{\376\377\0004\000.\0001\0008\000\040\000s\000e\000a\000r\000c\000h\000.\000c\000p\000p}{chapter.4}% 113
\BOOKMARK [1][-]{section.4.19}{\376\377\0004\000.\0001\0009\000\040\000/\000U\000s\000e\000r\000s\000/\000a\000n\000a\000s\000t\000a\000s\000i\000a\000t\000r\000u\000f\000a\000n\000o\000v\000a\000/\000D\000e\000s\000k\000t\000o\000p\000/\000l\000a\000b\0002\000\137\000d\000a\000t\000a\000\137\000s\000e\000a\000r\000c\000h\000\137\000a\000l\000g\000o\000r\000i\000t\000h\000m\000s\000/\000s\000r\000c\000/\000s\000e\000a\000r\000c\000h\000.\000h\000\040\000F\000i\000l\000e\000\040\000R\000e\000f\000e\000r\000e\000n\000c\000e}{chapter.4}% 114
\BOOKMARK [2][-]{subsection.4.19.1}{\376\377\0004\000.\0001\0009\000.\0001\000\040\000M\000a\000c\000r\000o\000\040\000D\000e\000f\000i\000n\000i\000t\000i\000o\000n\000\040\000D\000o\000c\000u\000m\000e\000n\000t\000a\000t\000i\000o\000n}{section.4.19}% 115
\BOOKMARK [3][-]{subsubsection.4.19.1.1}{\376\377\0004\000.\0001\0009\000.\0001\000.\0001\000\040\000K\000E\000Y}{subsection.4.19.1}% 116
\BOOKMARK [2][-]{subsection.4.19.2}{\376\377\0004\000.\0001\0009\000.\0002\000\040\000F\000u\000n\000c\000t\000i\000o\000n\000\040\000D\000o\000c\000u\000m\000e\000n\000t\000a\000t\000i\000o\000n}{section.4.19}% 117
\BOOKMARK [3][-]{subsubsection.4.19.2.1}{\376\377\0004\000.\0001\0009\000.\0002\000.\0001\000\040\000b\000i\000n\000a\000r\000y\000\137\000i\000n\000s\000e\000r\000t\000\050\000\051}{subsection.4.19.2}% 118
\BOOKMARK [3][-]{subsubsection.4.19.2.2}{\376\377\0004\000.\0001\0009\000.\0002\000.\0002\000\040\000h\000a\000s\000h\000\137\000t\000a\000b\000l\000e\000\137\000i\000n\000s\000e\000r\000t\000\050\000\051}{subsection.4.19.2}% 119
\BOOKMARK [3][-]{subsubsection.4.19.2.3}{\376\377\0004\000.\0001\0009\000.\0002\000.\0003\000\040\000l\000i\000n\000e\000a\000r\000\137\000s\000e\000a\000r\000c\000h\000\050\000\051}{subsection.4.19.2}% 120
\BOOKMARK [3][-]{subsubsection.4.19.2.4}{\376\377\0004\000.\0001\0009\000.\0002\000.\0004\000\040\000m\000u\000l\000t\000i\000m\000a\000p\000\137\000i\000n\000s\000e\000r\000t\000\050\000\051}{subsection.4.19.2}% 121
\BOOKMARK [3][-]{subsubsection.4.19.2.5}{\376\377\0004\000.\0001\0009\000.\0002\000.\0005\000\040\000p\000a\000r\000s\000e\000C\000S\000V\000\050\000\051}{subsection.4.19.2}% 122
\BOOKMARK [3][-]{subsubsection.4.19.2.6}{\376\377\0004\000.\0001\0009\000.\0002\000.\0006\000\040\000r\000b\000\137\000i\000n\000s\000e\000r\000t\000\050\000\051}{subsection.4.19.2}% 123
\BOOKMARK [1][-]{section.4.20}{\376\377\0004\000.\0002\0000\000\040\000s\000e\000a\000r\000c\000h\000.\000h}{chapter.4}% 124
\BOOKMARK [0][-]{section*.19}{\376\377\000I\000n\000d\000e\000x}{}% 125
